<?xml version="1.0" encoding="UTF-8"?>
<!-- Generated by org.testng.reporters.JUnitXMLReporter -->
<testsuite hostname="Chirumamilla-Bhargavs-MacBook-Pro.local" tests="0" failures="0" timestamp="12 Jun 2020 18:23:44 GMT" time="0.005" errors="0">
  <testcase name="@BeforeSuite setupDriver" time="0.0" classname="com.maersk.utilities.BaseDeviceView">
    <failure type="org.testng.TestNGException" message="
Parameter &amp;apos;configFileName&amp;apos; is required by @Configuration on method setupDriver but has not been marked @Optional or defined
in /private/var/folders/l7/9l0rjvpn4m16wrd8064bq0l80000gp/T/testng-eclipse--1290787699/testng-customsuite.xml">
      <![CDATA[org.testng.TestNGException: 
Parameter 'configFileName' is required by @Configuration on method setupDriver but has not been marked @Optional or defined
in /private/var/folders/l7/9l0rjvpn4m16wrd8064bq0l80000gp/T/testng-eclipse--1290787699/testng-customsuite.xml
	at org.testng.internal.Parameters.createParameters(Parameters.java:155)
	at org.testng.internal.Parameters.createParameters(Parameters.java:355)
	at org.testng.internal.Parameters.createConfigurationParameters(Parameters.java:86)
	at org.testng.internal.Invoker.invokeConfigurations(Invoker.java:199)
	at org.testng.internal.Invoker.invokeConfigurations(Invoker.java:138)
	at org.testng.SuiteRunner.privateRun(SuiteRunner.java:277)
	at org.testng.SuiteRunner.run(SuiteRunner.java:240)
	at org.testng.SuiteRunnerWorker.runSuite(SuiteRunnerWorker.java:52)
	at org.testng.SuiteRunnerWorker.run(SuiteRunnerWorker.java:86)
	at org.testng.TestNG.runSuitesSequentially(TestNG.java:1198)
	at org.testng.TestNG.runSuitesLocally(TestNG.java:1123)
	at org.testng.TestNG.run(TestNG.java:1031)
	at org.testng.remote.AbstractRemoteTestNG.run(AbstractRemoteTestNG.java:114)
	at org.testng.remote.RemoteTestNG.initAndRun(RemoteTestNG.java:251)
	at org.testng.remote.RemoteTestNG.main(RemoteTestNG.java:77)
]]>
    </failure>
  </testcase> <!-- @BeforeSuite setupDriver -->
</testsuite>
