<?xml version="1.0" encoding="UTF-8"?>
<testng-results skipped="0" failed="0" total="0" passed="0">
  <reporter-output>
  </reporter-output>
  <suite name="Default suite" duration-ms="5" started-at="2020-06-12T18:23:39Z" finished-at="2020-06-12T18:23:39Z">
    <groups>
    </groups>
    <test name="Default test" duration-ms="5" started-at="2020-06-12T18:23:39Z" finished-at="2020-06-12T18:23:39Z">
      <class name="com.maersk.utilities.BaseDeviceView">
        <test-method status="FAIL" signature="setupDriver(java.lang.String)[pri:0, instance:com.maersk.utilities.BaseDeviceView@52525845]" name="setupDriver" is-config="true" duration-ms="0" started-at="2020-06-12T23:53:39Z" finished-at="2020-06-12T23:53:39Z">
          <exception class="org.testng.TestNGException">
            <message>
              <![CDATA[
Parameter 'configFileName' is required by @Configuration on method setupDriver but has not been marked @Optional or defined
in /private/var/folders/l7/9l0rjvpn4m16wrd8064bq0l80000gp/T/testng-eclipse--1290787699/testng-customsuite.xml]]>
            </message>
            <full-stacktrace>
              <![CDATA[org.testng.TestNGException: 
Parameter 'configFileName' is required by @Configuration on method setupDriver but has not been marked @Optional or defined
in /private/var/folders/l7/9l0rjvpn4m16wrd8064bq0l80000gp/T/testng-eclipse--1290787699/testng-customsuite.xml
	at org.testng.internal.Parameters.createParameters(Parameters.java:155)
	at org.testng.internal.Parameters.createParameters(Parameters.java:355)
	at org.testng.internal.Parameters.createConfigurationParameters(Parameters.java:86)
	at org.testng.internal.Invoker.invokeConfigurations(Invoker.java:199)
	at org.testng.internal.Invoker.invokeConfigurations(Invoker.java:138)
	at org.testng.SuiteRunner.privateRun(SuiteRunner.java:277)
	at org.testng.SuiteRunner.run(SuiteRunner.java:240)
	at org.testng.SuiteRunnerWorker.runSuite(SuiteRunnerWorker.java:52)
	at org.testng.SuiteRunnerWorker.run(SuiteRunnerWorker.java:86)
	at org.testng.TestNG.runSuitesSequentially(TestNG.java:1198)
	at org.testng.TestNG.runSuitesLocally(TestNG.java:1123)
	at org.testng.TestNG.run(TestNG.java:1031)
	at org.testng.remote.AbstractRemoteTestNG.run(AbstractRemoteTestNG.java:114)
	at org.testng.remote.RemoteTestNG.initAndRun(RemoteTestNG.java:251)
	at org.testng.remote.RemoteTestNG.main(RemoteTestNG.java:77)
]]>
            </full-stacktrace>
          </exception> <!-- org.testng.TestNGException -->
          <reporter-output>
          </reporter-output>
        </test-method> <!-- setupDriver -->
        <test-method status="SKIP" signature="stopTest(org.testng.ITestContext)[pri:0, instance:com.maersk.utilities.BaseDeviceView@52525845]" name="stopTest" is-config="true" duration-ms="0" started-at="2020-06-12T23:53:44Z" finished-at="2020-06-12T23:53:44Z">
          <reporter-output>
          </reporter-output>
        </test-method> <!-- stopTest -->
      </class> <!-- com.maersk.utilities.BaseDeviceView -->
    </test> <!-- Default test -->
  </suite> <!-- Default suite -->
</testng-results>
